[ 2018-02-02T19:57:40+08:00 ] 0.0.0.0 ::1 GET /
[ log ] localhost:8181/ [运行时间：0.025002s][吞吐率：40.00req/s] [内存消耗：711.75kb] [文件加载：26]
[ info ] [ LANG ] F:\www.lj.com\GitHub\o2o_TP.git\trunk\thinkphp\lang\zh-cn.php
[ info ] [ ROUTE ] array (
  'type' => 'module',
  'module' => 
  array (
    0 => '',
    1 => NULL,
    2 => NULL,
  ),
)
[ info ] [ HEADER ] array (
  'host' => 'localhost:8181',
  'connection' => 'keep-alive',
  'upgrade-insecure-requests' => '1',
  'user-agent' => 'Mozilla/5.0 (Windows NT 6.1; WOW64) AppleWebKit/537.36 (KHTML, like Gecko) Chrome/59.0.3071.115 Safari/537.36',
  'accept' => 'text/html,application/xhtml+xml,application/xml;q=0.9,image/webp,image/apng,*/*;q=0.8',
  'accept-encoding' => 'gzip, deflate, br',
  'accept-language' => 'zh-CN,zh;q=0.8,zh-TW;q=0.6',
)
[ info ] [ PARAM ] array (
)
[ info ] [ RUN ] app\index\controller\Index->index[ F:\www.lj.com\GitHub\o2o_TP.git\trunk\application\index\controller\Index.php ]
[ info ] [ LOG ] INIT File

---------------------------------------------------------------
[ 2018-02-02T20:00:00+08:00 ] 0.0.0.0 ::1 GET /
[ log ] localhost:8181/ [运行时间：0.013001s][吞吐率：76.92req/s] [内存消耗：711.78kb] [文件加载：26]
[ info ] [ LANG ] F:\www.lj.com\GitHub\o2o_TP.git\trunk\thinkphp\lang\zh-cn.php
[ info ] [ ROUTE ] array (
  'type' => 'module',
  'module' => 
  array (
    0 => '',
    1 => NULL,
    2 => NULL,
  ),
)
[ info ] [ HEADER ] array (
  'host' => 'localhost:8181',
  'connection' => 'keep-alive',
  'cache-control' => 'max-age=0',
  'upgrade-insecure-requests' => '1',
  'user-agent' => 'Mozilla/5.0 (Windows NT 6.1; WOW64) AppleWebKit/537.36 (KHTML, like Gecko) Chrome/59.0.3071.115 Safari/537.36',
  'accept' => 'text/html,application/xhtml+xml,application/xml;q=0.9,image/webp,image/apng,*/*;q=0.8',
  'accept-encoding' => 'gzip, deflate, br',
  'accept-language' => 'zh-CN,zh;q=0.8,zh-TW;q=0.6',
)
[ info ] [ PARAM ] array (
)
[ info ] [ RUN ] app\index\controller\Index->index[ F:\www.lj.com\GitHub\o2o_TP.git\trunk\application\index\controller\Index.php ]
[ info ] [ LOG ] INIT File

---------------------------------------------------------------
[ 2018-02-02T20:03:40+08:00 ] 0.0.0.0 ::1 GET /index.php/index/text/imooc
[ log ] localhost:8181/index.php/index/text/imooc [运行时间：0.014001s][吞吐率：71.42req/s] [内存消耗：742.02kb] [文件加载：28]
[ info ] [ LANG ] F:\www.lj.com\GitHub\o2o_TP.git\trunk\thinkphp\lang\zh-cn.php
[ info ] [ ROUTE ] array (
  'type' => 'module',
  'module' => 
  array (
    0 => 'index',
    1 => 'text',
    2 => 'imooc',
  ),
)
[ info ] [ HEADER ] array (
  'host' => 'localhost:8181',
  'connection' => 'keep-alive',
  'upgrade-insecure-requests' => '1',
  'user-agent' => 'Mozilla/5.0 (Windows NT 6.1; WOW64) AppleWebKit/537.36 (KHTML, like Gecko) Chrome/59.0.3071.115 Safari/537.36',
  'accept' => 'text/html,application/xhtml+xml,application/xml;q=0.9,image/webp,image/apng,*/*;q=0.8',
  'accept-encoding' => 'gzip, deflate, br',
  'accept-language' => 'zh-CN,zh;q=0.8,zh-TW;q=0.6',
)
[ info ] [ PARAM ] array (
)
[ info ] [ LOG ] INIT File

---------------------------------------------------------------
[ 2018-02-02T20:04:06+08:00 ] 0.0.0.0 ::1 GET /text.php/index/text/imooc
[ log ] localhost:8181/text.php/index/text/imooc [运行时间：0.010000s][吞吐率：100.00req/s] [内存消耗：711.80kb] [文件加载：26]
[ info ] [ LANG ] F:\www.lj.com\GitHub\o2o_TP.git\trunk\thinkphp\lang\zh-cn.php
[ info ] [ ROUTE ] array (
  'type' => 'module',
  'module' => 
  array (
    0 => '',
    1 => NULL,
    2 => NULL,
  ),
)
[ info ] [ HEADER ] array (
  'host' => 'localhost:8181',
  'connection' => 'keep-alive',
  'upgrade-insecure-requests' => '1',
  'user-agent' => 'Mozilla/5.0 (Windows NT 6.1; WOW64) AppleWebKit/537.36 (KHTML, like Gecko) Chrome/59.0.3071.115 Safari/537.36',
  'accept' => 'text/html,application/xhtml+xml,application/xml;q=0.9,image/webp,image/apng,*/*;q=0.8',
  'accept-encoding' => 'gzip, deflate, br',
  'accept-language' => 'zh-CN,zh;q=0.8,zh-TW;q=0.6',
)
[ info ] [ PARAM ] array (
)
[ info ] [ RUN ] app\index\controller\Index->index[ F:\www.lj.com\GitHub\o2o_TP.git\trunk\application\index\controller\Index.php ]
[ info ] [ LOG ] INIT File

---------------------------------------------------------------
[ 2018-02-02T20:04:28+08:00 ] 0.0.0.0 ::1 GET /index.php/index/text/imooc
[ log ] localhost:8181/index.php/index/text/imooc [运行时间：0.014001s][吞吐率：71.42req/s] [内存消耗：742.02kb] [文件加载：28]
[ info ] [ LANG ] F:\www.lj.com\GitHub\o2o_TP.git\trunk\thinkphp\lang\zh-cn.php
[ info ] [ ROUTE ] array (
  'type' => 'module',
  'module' => 
  array (
    0 => 'index',
    1 => 'text',
    2 => 'imooc',
  ),
)
[ info ] [ HEADER ] array (
  'host' => 'localhost:8181',
  'connection' => 'keep-alive',
  'upgrade-insecure-requests' => '1',
  'user-agent' => 'Mozilla/5.0 (Windows NT 6.1; WOW64) AppleWebKit/537.36 (KHTML, like Gecko) Chrome/59.0.3071.115 Safari/537.36',
  'accept' => 'text/html,application/xhtml+xml,application/xml;q=0.9,image/webp,image/apng,*/*;q=0.8',
  'accept-encoding' => 'gzip, deflate, br',
  'accept-language' => 'zh-CN,zh;q=0.8,zh-TW;q=0.6',
)
[ info ] [ PARAM ] array (
)
[ info ] [ LOG ] INIT File

---------------------------------------------------------------
[ 2018-02-02T20:04:45+08:00 ] 0.0.0.0 ::1 GET /index.php/index/test/imooc
[ log ] localhost:8181/index.php/index/test/imooc [运行时间：0.013000s][吞吐率：76.92req/s] [内存消耗：966.61kb] [文件加载：32]
[ info ] [ LANG ] F:\www.lj.com\GitHub\o2o_TP.git\trunk\thinkphp\lang\zh-cn.php
[ info ] [ ROUTE ] array (
  'type' => 'module',
  'module' => 
  array (
    0 => 'index',
    1 => 'test',
    2 => 'imooc',
  ),
)
[ info ] [ HEADER ] array (
  'host' => 'localhost:8181',
  'connection' => 'keep-alive',
  'upgrade-insecure-requests' => '1',
  'user-agent' => 'Mozilla/5.0 (Windows NT 6.1; WOW64) AppleWebKit/537.36 (KHTML, like Gecko) Chrome/59.0.3071.115 Safari/537.36',
  'accept' => 'text/html,application/xhtml+xml,application/xml;q=0.9,image/webp,image/apng,*/*;q=0.8',
  'accept-encoding' => 'gzip, deflate, br',
  'accept-language' => 'zh-CN,zh;q=0.8,zh-TW;q=0.6',
)
[ info ] [ PARAM ] array (
)
[ info ] [ RUN ] app\index\controller\Test->imooc[ F:\www.lj.com\GitHub\o2o_TP.git\trunk\application\index\controller\Test.php ]
[ info ] [ LOG ] INIT File

---------------------------------------------------------------
[ 2018-02-02T20:12:11+08:00 ] 127.0.0.1 127.0.0.1 GET /
[ log ] www.tp.com/ [运行时间：0.012000s][吞吐率：83.33req/s] [内存消耗：712.43kb] [文件加载：25]
[ info ] [ LANG ] F:\www.lj.com\GitHub\o2o_TP.git\trunk\thinkphp\lang\zh-cn.php
[ info ] [ ROUTE ] array (
  'type' => 'module',
  'module' => 
  array (
    0 => '',
    1 => NULL,
    2 => NULL,
  ),
)
[ info ] [ HEADER ] array (
  'accept-language' => 'zh-CN,zh;q=0.8,zh-TW;q=0.6',
  'accept-encoding' => 'gzip, deflate',
  'accept' => 'text/html,application/xhtml+xml,application/xml;q=0.9,image/webp,image/apng,*/*;q=0.8',
  'user-agent' => 'Mozilla/5.0 (Windows NT 6.1; WOW64) AppleWebKit/537.36 (KHTML, like Gecko) Chrome/59.0.3071.115 Safari/537.36',
  'upgrade-insecure-requests' => '1',
  'connection' => 'close',
  'host' => 'www.tp.com',
)
[ info ] [ PARAM ] array (
)
[ info ] [ RUN ] app\index\controller\Index->index[ F:\www.lj.com\GitHub\o2o_TP.git\trunk\application\index\controller\Index.php ]
[ info ] [ LOG ] INIT File

---------------------------------------------------------------
[ 2018-02-02T20:38:46+08:00 ] 127.0.0.1 127.0.0.1 GET /index.php/admin/index/test
[ log ] www.tp.com/index.php/admin/index/test [运行时间：0.010001s][吞吐率：99.99req/s] [内存消耗：714.74kb] [文件加载：27]
[ info ] [ LANG ] F:\www.lj.com\GitHub\o2o_TP.git\trunk\thinkphp\lang\zh-cn.php
[ info ] [ ROUTE ] array (
  'type' => 'module',
  'module' => 
  array (
    0 => 'admin',
    1 => 'index',
    2 => 'test',
  ),
)
[ info ] [ HEADER ] array (
  'cookie' => 'pgv_pvi=4555926528; pgv_si=s2765393920',
  'accept-language' => 'zh-CN,zh;q=0.8,zh-TW;q=0.6',
  'accept-encoding' => 'gzip, deflate',
  'accept' => 'text/html,application/xhtml+xml,application/xml;q=0.9,image/webp,image/apng,*/*;q=0.8',
  'user-agent' => 'Mozilla/5.0 (Windows NT 6.1; WOW64) AppleWebKit/537.36 (KHTML, like Gecko) Chrome/59.0.3071.115 Safari/537.36',
  'upgrade-insecure-requests' => '1',
  'connection' => 'close',
  'host' => 'www.tp.com',
)
[ info ] [ PARAM ] array (
)
[ info ] [ RUN ] app\admin\controller\Index->test[ F:\www.lj.com\GitHub\o2o_TP.git\trunk\application\admin\controller\Index.php ]
[ info ] [ LOG ] INIT File

---------------------------------------------------------------
[ 2018-02-02T20:48:03+08:00 ] 127.0.0.1 127.0.0.1 GET /index.php/index/index/index
[ log ] www.tp.com/index.php/index/index/index [运行时间：0.013001s][吞吐率：76.92req/s] [内存消耗：745.41kb] [文件加载：28]
[ info ] [ LANG ] F:\www.lj.com\GitHub\o2o_TP.git\trunk\thinkphp\lang\zh-cn.php
[ info ] [ ROUTE ] array (
  'type' => 'module',
  'module' => 
  array (
    0 => 'index',
    1 => 'index',
    2 => 'index',
  ),
)
[ info ] [ HEADER ] array (
  'cookie' => 'pgv_pvi=4555926528; pgv_si=s2765393920',
  'accept-language' => 'zh-CN,zh;q=0.8,zh-TW;q=0.6',
  'accept-encoding' => 'gzip, deflate',
  'accept' => 'text/html,application/xhtml+xml,application/xml;q=0.9,image/webp,image/apng,*/*;q=0.8',
  'user-agent' => 'Mozilla/5.0 (Windows NT 6.1; WOW64) AppleWebKit/537.36 (KHTML, like Gecko) Chrome/59.0.3071.115 Safari/537.36',
  'upgrade-insecure-requests' => '1',
  'connection' => 'close',
  'host' => 'www.tp.com',
)
[ info ] [ PARAM ] array (
)
[ info ] [ RUN ] app\index\controller\Index->index[ F:\www.lj.com\GitHub\o2o_TP.git\trunk\application\index\controller\Index.php ]
[ info ] [ LOG ] INIT File
[ error ] [0]致命错误: Call to undefined method app\index\controller\Index::fetch()[F:\www.lj.com\GitHub\o2o_TP.git\trunk\application\index\controller\Index.php:10]

---------------------------------------------------------------
[ 2018-02-02T20:48:43+08:00 ] 127.0.0.1 127.0.0.1 GET /index.php?s=index
[ log ] www.tp.com/index.php?s=index [运行时间：0.015001s][吞吐率：66.66req/s] [内存消耗：747.58kb] [文件加载：28]
[ info ] [ LANG ] F:\www.lj.com\GitHub\o2o_TP.git\trunk\thinkphp\lang\zh-cn.php
[ info ] [ ROUTE ] array (
  'type' => 'module',
  'module' => 
  array (
    0 => 'index',
    1 => NULL,
    2 => NULL,
  ),
)
[ info ] [ HEADER ] array (
  'cookie' => 'pgv_pvi=4555926528; pgv_si=s2765393920',
  'accept-language' => 'zh-CN,zh;q=0.8,zh-TW;q=0.6',
  'accept-encoding' => 'gzip, deflate',
  'accept' => 'text/html,application/xhtml+xml,application/xml;q=0.9,image/webp,image/apng,*/*;q=0.8',
  'user-agent' => 'Mozilla/5.0 (Windows NT 6.1; WOW64) AppleWebKit/537.36 (KHTML, like Gecko) Chrome/59.0.3071.115 Safari/537.36',
  'upgrade-insecure-requests' => '1',
  'connection' => 'close',
  'host' => 'www.tp.com',
)
[ info ] [ PARAM ] array (
)
[ info ] [ RUN ] app\index\controller\Index->index[ F:\www.lj.com\GitHub\o2o_TP.git\trunk\application\index\controller\Index.php ]
[ info ] [ LOG ] INIT File
[ error ] [0]致命错误: Call to undefined method app\index\controller\Index::fetch()[F:\www.lj.com\GitHub\o2o_TP.git\trunk\application\index\controller\Index.php:10]

---------------------------------------------------------------
[ 2018-02-02T20:50:57+08:00 ] 127.0.0.1 127.0.0.1 GET /index.php?s=index
[ log ] www.tp.com/index.php?s=index [运行时间：0.037002s][吞吐率：27.03req/s] [内存消耗：1,079.83kb] [文件加载：34]
[ info ] [ LANG ] F:\www.lj.com\GitHub\o2o_TP.git\trunk\thinkphp\lang\zh-cn.php
[ info ] [ ROUTE ] array (
  'type' => 'module',
  'module' => 
  array (
    0 => 'index',
    1 => NULL,
    2 => NULL,
  ),
)
[ info ] [ HEADER ] array (
  'cookie' => 'pgv_pvi=4555926528; pgv_si=s2765393920',
  'accept-language' => 'zh-CN,zh;q=0.8,zh-TW;q=0.6',
  'accept-encoding' => 'gzip, deflate',
  'accept' => 'text/html,application/xhtml+xml,application/xml;q=0.9,image/webp,image/apng,*/*;q=0.8',
  'user-agent' => 'Mozilla/5.0 (Windows NT 6.1; WOW64) AppleWebKit/537.36 (KHTML, like Gecko) Chrome/59.0.3071.115 Safari/537.36',
  'upgrade-insecure-requests' => '1',
  'cache-control' => 'max-age=0',
  'connection' => 'close',
  'host' => 'www.tp.com',
)
[ info ] [ PARAM ] array (
)
[ info ] [ RUN ] app\index\controller\Index->index[ F:\www.lj.com\GitHub\o2o_TP.git\trunk\application\index\controller\Index.php ]
[ info ] [ VIEW ] F:\www.lj.com\GitHub\o2o_TP.git\trunk\public/../application/index\view\index\index.html [ array (
) ]
[ info ] [ LOG ] INIT File

---------------------------------------------------------------
[ 2018-02-02T21:13:34+08:00 ] 127.0.0.1 127.0.0.1 GET /index.php?s=index
[ log ] www.tp.com/index.php?s=index [运行时间：0.020001s][吞吐率：50.00req/s] [内存消耗：2,103.54kb] [文件加载：34]
[ info ] [ LANG ] F:\www.lj.com\GitHub\o2o_TP.git\trunk\thinkphp\lang\zh-cn.php
[ info ] [ ROUTE ] array (
  'type' => 'module',
  'module' => 
  array (
    0 => 'index',
    1 => NULL,
    2 => NULL,
  ),
)
[ info ] [ HEADER ] array (
  'cookie' => 'pgv_pvi=4555926528; pgv_si=s2765393920',
  'accept-language' => 'zh-CN,zh;q=0.8,zh-TW;q=0.6',
  'accept-encoding' => 'gzip, deflate',
  'accept' => 'text/html,application/xhtml+xml,application/xml;q=0.9,image/webp,image/apng,*/*;q=0.8',
  'user-agent' => 'Mozilla/5.0 (Windows NT 6.1; WOW64) AppleWebKit/537.36 (KHTML, like Gecko) Chrome/59.0.3071.115 Safari/537.36',
  'upgrade-insecure-requests' => '1',
  'cache-control' => 'max-age=0',
  'connection' => 'close',
  'host' => 'www.tp.com',
)
[ info ] [ PARAM ] array (
)
[ info ] [ RUN ] app\index\controller\Index->index[ F:\www.lj.com\GitHub\o2o_TP.git\trunk\application\index\controller\Index.php ]
[ info ] [ VIEW ] F:\www.lj.com\GitHub\o2o_TP.git\trunk\public/../application/index\view\index\index.html [ array (
) ]
[ info ] [ LOG ] INIT File

---------------------------------------------------------------
[ 2018-02-02T21:25:04+08:00 ] 127.0.0.1 127.0.0.1 GET /index.php?s=index
[ log ] www.tp.com/index.php?s=index [运行时间：0.023001s][吞吐率：43.48req/s] [内存消耗：2,047.80kb] [文件加载：34]
[ info ] [ LANG ] F:\www.lj.com\GitHub\o2o_TP.git\trunk\thinkphp\lang\zh-cn.php
[ info ] [ ROUTE ] array (
  'type' => 'module',
  'module' => 
  array (
    0 => 'index',
    1 => NULL,
    2 => NULL,
  ),
)
[ info ] [ HEADER ] array (
  'cookie' => 'pgv_pvi=4555926528; pgv_si=s2765393920; Hm_lvt_a028c07bf31ffce4b2d21dd85b0b8907=1517577214; Hm_lpvt_a028c07bf31ffce4b2d21dd85b0b8907=1517577214; CLOSE_CITY_TIP=1',
  'accept-language' => 'zh-CN,zh;q=0.8,zh-TW;q=0.6',
  'accept-encoding' => 'gzip, deflate',
  'accept' => 'text/html,application/xhtml+xml,application/xml;q=0.9,image/webp,image/apng,*/*;q=0.8',
  'user-agent' => 'Mozilla/5.0 (Windows NT 6.1; WOW64) AppleWebKit/537.36 (KHTML, like Gecko) Chrome/59.0.3071.115 Safari/537.36',
  'upgrade-insecure-requests' => '1',
  'cache-control' => 'max-age=0',
  'connection' => 'close',
  'host' => 'www.tp.com',
)
[ info ] [ PARAM ] array (
)
[ info ] [ RUN ] app\index\controller\Index->index[ F:\www.lj.com\GitHub\o2o_TP.git\trunk\application\index\controller\Index.php ]
[ info ] [ VIEW ] F:\www.lj.com\GitHub\o2o_TP.git\trunk\public/../application/index\view\index\index.html [ array (
) ]
[ info ] [ LOG ] INIT File

---------------------------------------------------------------
[ 2018-02-02T21:25:42+08:00 ] 127.0.0.1 127.0.0.1 GET /index.php?s=index
[ log ] www.tp.com/index.php?s=index [运行时间：0.020001s][吞吐率：50.00req/s] [内存消耗：2,047.80kb] [文件加载：34]
[ info ] [ LANG ] F:\www.lj.com\GitHub\o2o_TP.git\trunk\thinkphp\lang\zh-cn.php
[ info ] [ ROUTE ] array (
  'type' => 'module',
  'module' => 
  array (
    0 => 'index',
    1 => NULL,
    2 => NULL,
  ),
)
[ info ] [ HEADER ] array (
  'cookie' => 'pgv_pvi=4555926528; pgv_si=s2765393920; CLOSE_CITY_TIP=1; Hm_lvt_a028c07bf31ffce4b2d21dd85b0b8907=1517577214; Hm_lpvt_a028c07bf31ffce4b2d21dd85b0b8907=1517577904',
  'accept-language' => 'zh-CN,zh;q=0.8,zh-TW;q=0.6',
  'accept-encoding' => 'gzip, deflate',
  'accept' => 'text/html,application/xhtml+xml,application/xml;q=0.9,image/webp,image/apng,*/*;q=0.8',
  'user-agent' => 'Mozilla/5.0 (Windows NT 6.1; WOW64) AppleWebKit/537.36 (KHTML, like Gecko) Chrome/59.0.3071.115 Safari/537.36',
  'upgrade-insecure-requests' => '1',
  'cache-control' => 'max-age=0',
  'connection' => 'close',
  'host' => 'www.tp.com',
)
[ info ] [ PARAM ] array (
)
[ info ] [ RUN ] app\index\controller\Index->index[ F:\www.lj.com\GitHub\o2o_TP.git\trunk\application\index\controller\Index.php ]
[ info ] [ VIEW ] F:\www.lj.com\GitHub\o2o_TP.git\trunk\public/../application/index\view\index\index.html [ array (
) ]
[ info ] [ LOG ] INIT File

---------------------------------------------------------------
[ 2018-02-02T21:44:09+08:00 ] 127.0.0.1 127.0.0.1 GET /index.php?=index
[ log ] www.tp.com/index.php?=index [运行时间：0.014001s][吞吐率：71.42req/s] [内存消耗：1,470.03kb] [文件加载：32]
[ info ] [ LANG ] F:\www.lj.com\GitHub\o2o_TP.git\trunk\thinkphp\lang\zh-cn.php
[ info ] [ ROUTE ] array (
  'type' => 'module',
  'module' => 
  array (
    0 => '',
    1 => NULL,
    2 => NULL,
  ),
)
[ info ] [ HEADER ] array (
  'cookie' => 'pgv_pvi=4555926528; pgv_si=s2765393920; CLOSE_CITY_TIP=1; Hm_lvt_a028c07bf31ffce4b2d21dd85b0b8907=1517577214; Hm_lpvt_a028c07bf31ffce4b2d21dd85b0b8907=1517577942',
  'accept-language' => 'zh-CN,zh;q=0.8,zh-TW;q=0.6',
  'accept-encoding' => 'gzip, deflate',
  'accept' => 'text/html,application/xhtml+xml,application/xml;q=0.9,image/webp,image/apng,*/*;q=0.8',
  'user-agent' => 'Mozilla/5.0 (Windows NT 6.1; WOW64) AppleWebKit/537.36 (KHTML, like Gecko) Chrome/59.0.3071.115 Safari/537.36',
  'upgrade-insecure-requests' => '1',
  'connection' => 'close',
  'host' => 'www.tp.com',
)
[ info ] [ PARAM ] array (
)
[ info ] [ RUN ] app\index\controller\Index->index[ F:\www.lj.com\GitHub\o2o_TP.git\trunk\application\index\controller\Index.php ]
[ info ] [ VIEW ] F:\www.lj.com\GitHub\o2o_TP.git\trunk\public/../application/index\view\index\index.html [ array (
) ]
[ info ] [ LOG ] INIT File

---------------------------------------------------------------
[ 2018-02-02T21:44:35+08:00 ] 127.0.0.1 127.0.0.1 GET /index.php?=index/index/login
[ log ] www.tp.com/index.php?=index/index/login [运行时间：0.013001s][吞吐率：76.92req/s] [内存消耗：1,470.04kb] [文件加载：32]
[ info ] [ LANG ] F:\www.lj.com\GitHub\o2o_TP.git\trunk\thinkphp\lang\zh-cn.php
[ info ] [ ROUTE ] array (
  'type' => 'module',
  'module' => 
  array (
    0 => '',
    1 => NULL,
    2 => NULL,
  ),
)
[ info ] [ HEADER ] array (
  'cookie' => 'pgv_pvi=4555926528; pgv_si=s2765393920; CLOSE_CITY_TIP=1; Hm_lvt_a028c07bf31ffce4b2d21dd85b0b8907=1517577214; Hm_lpvt_a028c07bf31ffce4b2d21dd85b0b8907=1517579050',
  'accept-language' => 'zh-CN,zh;q=0.8,zh-TW;q=0.6',
  'accept-encoding' => 'gzip, deflate',
  'accept' => 'text/html,application/xhtml+xml,application/xml;q=0.9,image/webp,image/apng,*/*;q=0.8',
  'user-agent' => 'Mozilla/5.0 (Windows NT 6.1; WOW64) AppleWebKit/537.36 (KHTML, like Gecko) Chrome/59.0.3071.115 Safari/537.36',
  'upgrade-insecure-requests' => '1',
  'connection' => 'close',
  'host' => 'www.tp.com',
)
[ info ] [ PARAM ] array (
)
[ info ] [ RUN ] app\index\controller\Index->index[ F:\www.lj.com\GitHub\o2o_TP.git\trunk\application\index\controller\Index.php ]
[ info ] [ VIEW ] F:\www.lj.com\GitHub\o2o_TP.git\trunk\public/../application/index\view\index\index.html [ array (
) ]
[ info ] [ LOG ] INIT File

---------------------------------------------------------------
[ 2018-02-02T21:49:47+08:00 ] 127.0.0.1 127.0.0.1 GET /index.php?=index/user/login
[ log ] www.tp.com/index.php?=index/user/login [运行时间：0.019001s][吞吐率：52.63req/s] [内存消耗：1,470.04kb] [文件加载：32]
[ info ] [ LANG ] F:\www.lj.com\GitHub\o2o_TP.git\trunk\thinkphp\lang\zh-cn.php
[ info ] [ ROUTE ] array (
  'type' => 'module',
  'module' => 
  array (
    0 => '',
    1 => NULL,
    2 => NULL,
  ),
)
[ info ] [ HEADER ] array (
  'cookie' => 'pgv_pvi=4555926528; pgv_si=s2765393920; CLOSE_CITY_TIP=1; Hm_lvt_a028c07bf31ffce4b2d21dd85b0b8907=1517577214; Hm_lpvt_a028c07bf31ffce4b2d21dd85b0b8907=1517579075',
  'accept-language' => 'zh-CN,zh;q=0.8,zh-TW;q=0.6',
  'accept-encoding' => 'gzip, deflate',
  'accept' => 'text/html,application/xhtml+xml,application/xml;q=0.9,image/webp,image/apng,*/*;q=0.8',
  'user-agent' => 'Mozilla/5.0 (Windows NT 6.1; WOW64) AppleWebKit/537.36 (KHTML, like Gecko) Chrome/59.0.3071.115 Safari/537.36',
  'upgrade-insecure-requests' => '1',
  'connection' => 'close',
  'host' => 'www.tp.com',
)
[ info ] [ PARAM ] array (
)
[ info ] [ RUN ] app\index\controller\Index->index[ F:\www.lj.com\GitHub\o2o_TP.git\trunk\application\index\controller\Index.php ]
[ info ] [ VIEW ] F:\www.lj.com\GitHub\o2o_TP.git\trunk\public/../application/index\view\index\index.html [ array (
) ]
[ info ] [ LOG ] INIT File

---------------------------------------------------------------
[ 2018-02-02T21:49:57+08:00 ] 127.0.0.1 127.0.0.1 GET /index.php?s=index/user/login
[ log ] www.tp.com/index.php?s=index/user/login [运行时间：0.014001s][吞吐率：71.42req/s] [内存消耗：1,179.66kb] [文件加载：34]
[ info ] [ LANG ] F:\www.lj.com\GitHub\o2o_TP.git\trunk\thinkphp\lang\zh-cn.php
[ info ] [ ROUTE ] array (
  'type' => 'module',
  'module' => 
  array (
    0 => 'index',
    1 => 'user',
    2 => 'login',
  ),
)
[ info ] [ HEADER ] array (
  'cookie' => 'pgv_pvi=4555926528; pgv_si=s2765393920; CLOSE_CITY_TIP=1; Hm_lvt_a028c07bf31ffce4b2d21dd85b0b8907=1517577214; Hm_lpvt_a028c07bf31ffce4b2d21dd85b0b8907=1517579388',
  'accept-language' => 'zh-CN,zh;q=0.8,zh-TW;q=0.6',
  'accept-encoding' => 'gzip, deflate',
  'accept' => 'text/html,application/xhtml+xml,application/xml;q=0.9,image/webp,image/apng,*/*;q=0.8',
  'user-agent' => 'Mozilla/5.0 (Windows NT 6.1; WOW64) AppleWebKit/537.36 (KHTML, like Gecko) Chrome/59.0.3071.115 Safari/537.36',
  'upgrade-insecure-requests' => '1',
  'connection' => 'close',
  'host' => 'www.tp.com',
)
[ info ] [ PARAM ] array (
)
[ info ] [ RUN ] app\index\controller\User->login[ F:\www.lj.com\GitHub\o2o_TP.git\trunk\application\index\controller\User.php ]
[ info ] [ VIEW ] F:\www.lj.com\GitHub\o2o_TP.git\trunk\public/../application/index\view\user\login.html [ array (
) ]
[ info ] [ LOG ] INIT File

---------------------------------------------------------------
[ 2018-02-02T21:50:33+08:00 ] 127.0.0.1 127.0.0.1 GET /index.php?s=index/user/register
[ log ] www.tp.com/index.php?s=index/user/register [运行时间：0.017001s][吞吐率：58.82req/s] [内存消耗：1,001.16kb] [文件加载：34]
[ info ] [ LANG ] F:\www.lj.com\GitHub\o2o_TP.git\trunk\thinkphp\lang\zh-cn.php
[ info ] [ ROUTE ] array (
  'type' => 'module',
  'module' => 
  array (
    0 => 'index',
    1 => 'user',
    2 => 'register',
  ),
)
[ info ] [ HEADER ] array (
  'cookie' => 'pgv_pvi=4555926528; pgv_si=s2765393920; CLOSE_CITY_TIP=1; Hm_lvt_a028c07bf31ffce4b2d21dd85b0b8907=1517577214; Hm_lpvt_a028c07bf31ffce4b2d21dd85b0b8907=1517579398; https_lync=1; FP_UID=5846f111e6e3afd58502b80c8fefeda4',
  'accept-language' => 'zh-CN,zh;q=0.8,zh-TW;q=0.6',
  'accept-encoding' => 'gzip, deflate',
  'accept' => 'text/html,application/xhtml+xml,application/xml;q=0.9,image/webp,image/apng,*/*;q=0.8',
  'user-agent' => 'Mozilla/5.0 (Windows NT 6.1; WOW64) AppleWebKit/537.36 (KHTML, like Gecko) Chrome/59.0.3071.115 Safari/537.36',
  'upgrade-insecure-requests' => '1',
  'connection' => 'close',
  'host' => 'www.tp.com',
)
[ info ] [ PARAM ] array (
)
[ info ] [ RUN ] app\index\controller\User->register[ F:\www.lj.com\GitHub\o2o_TP.git\trunk\application\index\controller\User.php ]
[ info ] [ LOG ] INIT File
[ error ] [0]模板文件不存在:F:\www.lj.com\GitHub\o2o_TP.git\trunk\public/../application/index\view\user\register.html[F:\www.lj.com\GitHub\o2o_TP.git\trunk\thinkphp\library\think\view\driver\Think.php:80]

---------------------------------------------------------------
[ 2018-02-02T21:51:11+08:00 ] 127.0.0.1 127.0.0.1 GET /index.php?s=index/user/reqister
[ log ] www.tp.com/index.php?s=index/user/reqister [运行时间：0.015001s][吞吐率：66.66req/s] [内存消耗：1,001.34kb] [文件加载：34]
[ info ] [ LANG ] F:\www.lj.com\GitHub\o2o_TP.git\trunk\thinkphp\lang\zh-cn.php
[ info ] [ ROUTE ] array (
  'type' => 'module',
  'module' => 
  array (
    0 => 'index',
    1 => 'user',
    2 => 'reqister',
  ),
)
[ info ] [ HEADER ] array (
  'cookie' => 'pgv_pvi=4555926528; pgv_si=s2765393920; CLOSE_CITY_TIP=1; Hm_lvt_a028c07bf31ffce4b2d21dd85b0b8907=1517577214; Hm_lpvt_a028c07bf31ffce4b2d21dd85b0b8907=1517579398; https_lync=1; FP_UID=5846f111e6e3afd58502b80c8fefeda4',
  'accept-language' => 'zh-CN,zh;q=0.8,zh-TW;q=0.6',
  'accept-encoding' => 'gzip, deflate',
  'accept' => 'text/html,application/xhtml+xml,application/xml;q=0.9,image/webp,image/apng,*/*;q=0.8',
  'user-agent' => 'Mozilla/5.0 (Windows NT 6.1; WOW64) AppleWebKit/537.36 (KHTML, like Gecko) Chrome/59.0.3071.115 Safari/537.36',
  'upgrade-insecure-requests' => '1',
  'connection' => 'close',
  'host' => 'www.tp.com',
)
[ info ] [ PARAM ] array (
)
[ info ] [ LOG ] INIT File

---------------------------------------------------------------
[ 2018-02-02T21:52:00+08:00 ] 127.0.0.1 127.0.0.1 GET /index.php?s=index/user/register
[ log ] www.tp.com/index.php?s=index/user/register [运行时间：0.017001s][吞吐率：58.82req/s] [内存消耗：1,155.91kb] [文件加载：34]
[ info ] [ LANG ] F:\www.lj.com\GitHub\o2o_TP.git\trunk\thinkphp\lang\zh-cn.php
[ info ] [ ROUTE ] array (
  'type' => 'module',
  'module' => 
  array (
    0 => 'index',
    1 => 'user',
    2 => 'register',
  ),
)
[ info ] [ HEADER ] array (
  'cookie' => 'pgv_pvi=4555926528; pgv_si=s2765393920; CLOSE_CITY_TIP=1; Hm_lvt_a028c07bf31ffce4b2d21dd85b0b8907=1517577214; Hm_lpvt_a028c07bf31ffce4b2d21dd85b0b8907=1517579398; https_lync=1; FP_UID=5846f111e6e3afd58502b80c8fefeda4',
  'accept-language' => 'zh-CN,zh;q=0.8,zh-TW;q=0.6',
  'accept-encoding' => 'gzip, deflate',
  'accept' => 'text/html,application/xhtml+xml,application/xml;q=0.9,image/webp,image/apng,*/*;q=0.8',
  'user-agent' => 'Mozilla/5.0 (Windows NT 6.1; WOW64) AppleWebKit/537.36 (KHTML, like Gecko) Chrome/59.0.3071.115 Safari/537.36',
  'upgrade-insecure-requests' => '1',
  'connection' => 'close',
  'host' => 'www.tp.com',
)
[ info ] [ PARAM ] array (
)
[ info ] [ RUN ] app\index\controller\User->register[ F:\www.lj.com\GitHub\o2o_TP.git\trunk\application\index\controller\User.php ]
[ info ] [ VIEW ] F:\www.lj.com\GitHub\o2o_TP.git\trunk\public/../application/index\view\user\register.html [ array (
) ]
[ info ] [ LOG ] INIT File

---------------------------------------------------------------
